0 info it worked if it ends with ok
1 verbose cli [ '/Users/kartikchandra/my_bin/homebrew/Cellar/node/0.10.25/bin/node',
1 verbose cli   '/Users/kartikchandra/my_bin/homebrew/bin/npm',
1 verbose cli   'publish' ]
2 info using npm@1.3.24
3 info using node@v0.10.25
4 verbose publish [ '.' ]
5 verbose cache add [ '.', null ]
6 verbose cache add name=undefined spec="." args=[".",null]
7 verbose parsed url { protocol: null,
7 verbose parsed url   slashes: null,
7 verbose parsed url   auth: null,
7 verbose parsed url   host: null,
7 verbose parsed url   port: null,
7 verbose parsed url   hostname: null,
7 verbose parsed url   hash: null,
7 verbose parsed url   search: null,
7 verbose parsed url   query: null,
7 verbose parsed url   pathname: '.',
7 verbose parsed url   path: '.',
7 verbose parsed url   href: '.' }
8 silly lockFile 3a52ce78- .
9 verbose lock . /Users/kartikchandra/.npm/3a52ce78-.lock
10 verbose tar pack [ '/var/folders/qj/z_1m30dd16g5mwtrxntv7sp00000gp/T/npm-1429-OUh7b-q_/1393200378354-0.986985970987007/tmp.tgz',
10 verbose tar pack   '.' ]
11 verbose tarball /var/folders/qj/z_1m30dd16g5mwtrxntv7sp00000gp/T/npm-1429-OUh7b-q_/1393200378354-0.986985970987007/tmp.tgz
12 verbose folder .
13 info prepublish nearley@0.0.1
14 silly lockFile 1f1177db-tar tar://.
15 verbose lock tar://. /Users/kartikchandra/.npm/1f1177db-tar.lock
16 silly lockFile 885857c4-378354-0-986985970987007-tmp-tgz tar:///var/folders/qj/z_1m30dd16g5mwtrxntv7sp00000gp/T/npm-1429-OUh7b-q_/1393200378354-0.986985970987007/tmp.tgz
17 verbose lock tar:///var/folders/qj/z_1m30dd16g5mwtrxntv7sp00000gp/T/npm-1429-OUh7b-q_/1393200378354-0.986985970987007/tmp.tgz /Users/kartikchandra/.npm/885857c4-378354-0-986985970987007-tmp-tgz.lock
18 silly lockFile 1f1177db-tar tar://.
19 silly lockFile 1f1177db-tar tar://.
20 silly lockFile 885857c4-378354-0-986985970987007-tmp-tgz tar:///var/folders/qj/z_1m30dd16g5mwtrxntv7sp00000gp/T/npm-1429-OUh7b-q_/1393200378354-0.986985970987007/tmp.tgz
21 silly lockFile 885857c4-378354-0-986985970987007-tmp-tgz tar:///var/folders/qj/z_1m30dd16g5mwtrxntv7sp00000gp/T/npm-1429-OUh7b-q_/1393200378354-0.986985970987007/tmp.tgz
22 verbose tar unpack /var/folders/qj/z_1m30dd16g5mwtrxntv7sp00000gp/T/npm-1429-OUh7b-q_/1393200378354-0.986985970987007/tmp.tgz
23 silly lockFile 94c40e7c-378354-0-986985970987007-package tar:///var/folders/qj/z_1m30dd16g5mwtrxntv7sp00000gp/T/npm-1429-OUh7b-q_/1393200378354-0.986985970987007/package
24 verbose lock tar:///var/folders/qj/z_1m30dd16g5mwtrxntv7sp00000gp/T/npm-1429-OUh7b-q_/1393200378354-0.986985970987007/package /Users/kartikchandra/.npm/94c40e7c-378354-0-986985970987007-package.lock
25 silly lockFile 885857c4-378354-0-986985970987007-tmp-tgz tar:///var/folders/qj/z_1m30dd16g5mwtrxntv7sp00000gp/T/npm-1429-OUh7b-q_/1393200378354-0.986985970987007/tmp.tgz
26 verbose lock tar:///var/folders/qj/z_1m30dd16g5mwtrxntv7sp00000gp/T/npm-1429-OUh7b-q_/1393200378354-0.986985970987007/tmp.tgz /Users/kartikchandra/.npm/885857c4-378354-0-986985970987007-tmp-tgz.lock
27 silly gunzTarPerm modes [ '755', '644' ]
28 silly gunzTarPerm extractEntry package.json
29 silly gunzTarPerm extractEntry .npmignore
30 silly gunzTarPerm extractEntry README.md
31 silly gunzTarPerm extractEntry compile.js
32 silly gunzTarPerm extractEntry nearley.js
33 silly gunzTarPerm extractEntry nearley.min.js
34 silly gunzTarPerm extractEntry epsilon.ne
35 silly gunzTarPerm extractEntry test.ne
36 silly lockFile 94c40e7c-378354-0-986985970987007-package tar:///var/folders/qj/z_1m30dd16g5mwtrxntv7sp00000gp/T/npm-1429-OUh7b-q_/1393200378354-0.986985970987007/package
37 silly lockFile 94c40e7c-378354-0-986985970987007-package tar:///var/folders/qj/z_1m30dd16g5mwtrxntv7sp00000gp/T/npm-1429-OUh7b-q_/1393200378354-0.986985970987007/package
38 silly lockFile 885857c4-378354-0-986985970987007-tmp-tgz tar:///var/folders/qj/z_1m30dd16g5mwtrxntv7sp00000gp/T/npm-1429-OUh7b-q_/1393200378354-0.986985970987007/tmp.tgz
39 silly lockFile 885857c4-378354-0-986985970987007-tmp-tgz tar:///var/folders/qj/z_1m30dd16g5mwtrxntv7sp00000gp/T/npm-1429-OUh7b-q_/1393200378354-0.986985970987007/tmp.tgz
40 verbose tar pack [ '/Users/kartikchandra/.npm/nearley/0.0.1/package.tgz',
40 verbose tar pack   '/var/folders/qj/z_1m30dd16g5mwtrxntv7sp00000gp/T/npm-1429-OUh7b-q_/1393200378354-0.986985970987007/package' ]
41 verbose tarball /Users/kartikchandra/.npm/nearley/0.0.1/package.tgz
42 verbose folder /var/folders/qj/z_1m30dd16g5mwtrxntv7sp00000gp/T/npm-1429-OUh7b-q_/1393200378354-0.986985970987007/package
43 silly lockFile 94c40e7c-378354-0-986985970987007-package tar:///var/folders/qj/z_1m30dd16g5mwtrxntv7sp00000gp/T/npm-1429-OUh7b-q_/1393200378354-0.986985970987007/package
44 verbose lock tar:///var/folders/qj/z_1m30dd16g5mwtrxntv7sp00000gp/T/npm-1429-OUh7b-q_/1393200378354-0.986985970987007/package /Users/kartikchandra/.npm/94c40e7c-378354-0-986985970987007-package.lock
45 silly lockFile efd35f1b-ra-npm-nearley-0-0-1-package-tgz tar:///Users/kartikchandra/.npm/nearley/0.0.1/package.tgz
46 verbose lock tar:///Users/kartikchandra/.npm/nearley/0.0.1/package.tgz /Users/kartikchandra/.npm/efd35f1b-ra-npm-nearley-0-0-1-package-tgz.lock
47 silly lockFile 94c40e7c-378354-0-986985970987007-package tar:///var/folders/qj/z_1m30dd16g5mwtrxntv7sp00000gp/T/npm-1429-OUh7b-q_/1393200378354-0.986985970987007/package
48 silly lockFile 94c40e7c-378354-0-986985970987007-package tar:///var/folders/qj/z_1m30dd16g5mwtrxntv7sp00000gp/T/npm-1429-OUh7b-q_/1393200378354-0.986985970987007/package
49 silly lockFile efd35f1b-ra-npm-nearley-0-0-1-package-tgz tar:///Users/kartikchandra/.npm/nearley/0.0.1/package.tgz
50 silly lockFile efd35f1b-ra-npm-nearley-0-0-1-package-tgz tar:///Users/kartikchandra/.npm/nearley/0.0.1/package.tgz
51 silly lockFile 4c4650b2-handra-npm-nearley-0-0-1-package /Users/kartikchandra/.npm/nearley/0.0.1/package
52 verbose lock /Users/kartikchandra/.npm/nearley/0.0.1/package /Users/kartikchandra/.npm/4c4650b2-handra-npm-nearley-0-0-1-package.lock
53 silly lockFile 4c4650b2-handra-npm-nearley-0-0-1-package /Users/kartikchandra/.npm/nearley/0.0.1/package
54 silly lockFile 4c4650b2-handra-npm-nearley-0-0-1-package /Users/kartikchandra/.npm/nearley/0.0.1/package
55 verbose tar unpack /Users/kartikchandra/.npm/nearley/0.0.1/package.tgz
56 silly lockFile 887d46f0-handra-npm-nearley-0-0-1-package tar:///Users/kartikchandra/.npm/nearley/0.0.1/package
57 verbose lock tar:///Users/kartikchandra/.npm/nearley/0.0.1/package /Users/kartikchandra/.npm/887d46f0-handra-npm-nearley-0-0-1-package.lock
58 silly lockFile efd35f1b-ra-npm-nearley-0-0-1-package-tgz tar:///Users/kartikchandra/.npm/nearley/0.0.1/package.tgz
59 verbose lock tar:///Users/kartikchandra/.npm/nearley/0.0.1/package.tgz /Users/kartikchandra/.npm/efd35f1b-ra-npm-nearley-0-0-1-package-tgz.lock
60 silly gunzTarPerm modes [ '755', '644' ]
61 silly gunzTarPerm extractEntry package.json
62 silly gunzTarPerm extractEntry .npmignore
63 silly gunzTarPerm extractEntry README.md
64 silly gunzTarPerm extractEntry compile.js
65 silly gunzTarPerm extractEntry nearley.js
66 silly gunzTarPerm extractEntry nearley.min.js
67 silly gunzTarPerm extractEntry epsilon.ne
68 silly gunzTarPerm extractEntry test.ne
69 silly lockFile 887d46f0-handra-npm-nearley-0-0-1-package tar:///Users/kartikchandra/.npm/nearley/0.0.1/package
70 silly lockFile 887d46f0-handra-npm-nearley-0-0-1-package tar:///Users/kartikchandra/.npm/nearley/0.0.1/package
71 silly lockFile efd35f1b-ra-npm-nearley-0-0-1-package-tgz tar:///Users/kartikchandra/.npm/nearley/0.0.1/package.tgz
72 silly lockFile efd35f1b-ra-npm-nearley-0-0-1-package-tgz tar:///Users/kartikchandra/.npm/nearley/0.0.1/package.tgz
73 verbose chmod /Users/kartikchandra/.npm/nearley/0.0.1/package.tgz 644
74 verbose chown /Users/kartikchandra/.npm/nearley/0.0.1/package.tgz [ 502, 20 ]
75 silly lockFile 3a52ce78- .
76 silly lockFile 3a52ce78- .
77 silly publish { name: 'nearley',
77 silly publish   version: '0.0.1',
77 silly publish   description: 'Simple Earley parsing for JS',
77 silly publish   main: 'nearley.js',
77 silly publish   dependencies: { nomnom: '~1.6.2' },
77 silly publish   bin: { nearleyc: './compile.js' },
77 silly publish   devDependencies: {},
77 silly publish   scripts: { test: 'echo "Error: no test specified" && exit 1' },
77 silly publish   keywords: [ 'parser', 'generator', 'compiler' ],
77 silly publish   author: { name: 'Hardmath123' },
77 silly publish   license: 'MIT',
77 silly publish   repository: { type: 'git', url: 'https://github.com/Hardmath123/nearley' },
77 silly publish   readme: '                                             oooo                        \n                                             `888                        \n    ooo. .oo.    .ooooo.   .oooo.   oooo d8b  888   .ooooo.  oooo    ooo \n    `888P"Y88b  d88\' `88b `P  )88b  `888""8P  888  d88\' `88b  `88.  .8\'  \n     888   888  888ooo888  .oP"888   888      888  888ooo888   `88..8\'   \n     888   888  888    .o d8(  888   888      888  888    .o    `888\'    \n    o888o o888o `Y8bod8P\' `Y888""8o d888b    o888o `Y8bod8P\'     .8\'     \n                                                             .o..P\'      \n                                                             `Y8P\'       \n\n\nnearley.js\n==========\n\nSimple parsing for JavaScript.\n\nWhat?\n-----\nnearley.js uses the [Earley parsing algorithm](http://en.wikipedia.org/wiki/Earley_parser) to parse complex data structures easily.\n\nWhy?\n----\nnearley.js lets you define grammars in a **simple format**. Unlike Jison\'s tokenizer-and-parser approach, I use a single set of definitions. Unlike PEG.js, this parser handles **left recursion** gracefully and warns you if your grammar is ambiguous (ambiguous grammars are slower and take up more memory). Finally, nearley.js generates tiny files, which won\'t affect performance even if they are unminified.\n\nHow?\n----\nTo compile a parser, use the `nearleyc` command:\n\n    npm install -g nearleyc\n    nearleyc parser.ne\n\nA parser consists of several *nonterminals*, which are just various constructions. A nonterminal is made up of a series of either nonterminals or strings (enclose strings in "double quotes", and use backslash escaping like in JSON). The following grammar matches a number, a plus sign, and another number:\n\n    expression -> number "+" number\n\nThe first nonterminal you define is the one that the parser tries to parse.\n\nA nonterminal can have multiple meanings, separated by pipes (`|`):\n\n    expression -> number "+" number   |   number "-" number\n\nFinally, each meaning (called a *production rule*) can have a postprocessing function, that can format the data in a way that you would like:\n\n    expression -> number "+" number {%\n        function (data) {\n            return data[0] + data[2]; // the sum of the two numbers\n        }\n    %}\n\n`data` is an array whose elements match the nonterminals in order.\n\nTo use the generated parser, use:\n\n    var parse = require("parser.js");\n    console.log(parse("1+1")); // 2\n    console.log(parse("cow")); // throws error: "nearley parse error"\n\nErrors\n------\n\nA parse error will throw the string "nearley parse error".\n\nYou may get a warning saying your grammar is *ambiguous*. This means that there are multiple ways to parse the given input with the given grammar.\n\nnearley.js does not support detailed error messages yet.',
77 silly publish   readmeFilename: 'README.md',
77 silly publish   bugs: { url: 'https://github.com/Hardmath123/nearley/issues' },
77 silly publish   homepage: 'https://github.com/Hardmath123/nearley',
77 silly publish   _id: 'nearley@0.0.1',
77 silly publish   dist: { shasum: '78710c47b1b52d4e33ac35ac4bf67f716d7b5343' },
77 silly publish   _from: '.' }
78 verbose url raw nearley
79 verbose url resolving [ 'https://registry.npmjs.org/', './nearley' ]
80 verbose url resolved https://registry.npmjs.org/nearley
81 info trying registry request attempt 1 at 16:06:18
82 http PUT https://registry.npmjs.org/nearley
83 http 403 https://registry.npmjs.org/nearley
84 info trying registry request attempt 1 at 16:06:20
85 http PUT https://registry.npmjs.org/nearley
86 http 403 https://registry.npmjs.org/nearley
87 error publish Failed PUT 403
88 error Error: forbidden cannot modify pre-existing version: 0.0.1
88 error old={"name":"nearley","version":"0.0.1","description":"Simple Earley parsing for JS","main":"nearley.js","dependencies":{"nomnom":"~1.6.2"},"bin":{"nearleyc":"./compile.js"},"devDependencies":{},"scripts":{"test":"echo \"Error: no test specified\" && exit 1"},"keywords":["parser","generator","compiler"],"author":{"name":"Hardmath123"},"license":"MIT","repository":{"type":"git","url":"https://github.com/Hardmath123/nearley"},"bugs":{"url":"https://github.com/Hardmath123/nearley/issues"},"homepage":"https://github.com/Hardmath123/nearley","_id":"nearley@0.0.1","dist":{"shasum":"ad78a092db291e5ad833b116c535c1b2051e715e","tarball":"http://registry.npmjs.org/nearley/-/nearley-0.0.1.tgz"},"_from":".","_npmVersion":"1.3.24","_npmUser":{"name":"hardmath123","email":"hardmath123@comfortablynumbered.appspotmail.com"},"maintainers":[{"name":"hardmath123","email":"hardmath123@comfortablynumbered.appspotmail.com"}]}
88 error new={"name":"nearley","version":"0.0.1","description":"Simple Earley parsing for JS","main":"nearley.js","dependencies":{"nomnom":"~1.6.2"},"bin":{"nearleyc":"./compile.js"},"devDependencies":{},"scripts":{"test":"echo \"Error: no test specified\" && exit 1"},"keywords":["parser","generator","compiler"],"author":{"name":"Hardmath123"},"license":"MIT","repository":{"type":"git","url":"https://github.com/Hardmath123/nearley"},"readme":"                                             oooo                        \u000a                                             `888                        \u000a    ooo. .oo.    .ooooo.   .oooo.   oooo d8b  888   .ooooo.  oooo    ooo \u000a    `888P\"Y88b  d88' `88b `P  )88b  `888\"\"8P  888  d88' `88b  `88.  .8'  \u000a     888   888  888ooo888  .oP\"888   888      888  888ooo888   `88..8'   \u000a     888   888  888    .o d8(  888   888      888  888    .o    `888'    \u000a    o888o o888o `Y8bod8P' `Y888\"\"8o d888b    o888o `Y8bod8P'     .8'     \u000a                                                             .o..P'      \u000a                                                             `Y8P'       \u000a\u000a\u000anearley.js\u000a==========\u000a\u000aSimple parsing for JavaScript.\u000a\u000aWhat?\u000a-----\u000anearley.js uses the [Earley parsing algorithm](http://en.wikipedia.org/wiki/Earley_parser) to parse complex data structures easily.\u000a\u000aWhy?\u000a----\u000anearley.js lets you define grammars in a **simple format**. Unlike Jison's tokenizer-and-parser approach, I use a single set of definitions. Unlike PEG.js, this parser handles **left recursion** gracefully and warns you if your grammar is ambiguous (ambiguous grammars are slower and take up more memory). Finally, nearley.js generates tiny files, which won't affect performance even if they are unminified.\u000a\u000aHow?\u000a----\u000aTo compile a parser, use the `nearleyc` command:\u000a\u000a    npm install -g nearleyc\u000a    nearleyc parser.ne\u000a\u000aA parser consists of several *nonterminals*, which are just various constructions. A nonterminal is made up of a series of either nonterminals or strings (enclose strings in \"double quotes\", and use backslash escaping like in JSON). The following grammar matches a number, a plus sign, and another number:\u000a\u000a    expression -> number \"+\" number\u000a\u000aThe first nonterminal you define is the one that the parser tries to parse.\u000a\u000aA nonterminal can have multiple meanings, separated by pipes (`|`):\u000a\u000a    expression -> number \"+\" number   |   number \"-\" number\u000a\u000aFinally, each meaning (called a *production rule*) can have a postprocessing function, that can format the data in a way that you would like:\u000a\u000a    expression -> number \"+\" number {%\u000a        function (data) {\u000a            return data[0] + data[2]; // the sum of the two numbers\u000a        }\u000a    %}\u000a\u000a`data` is an array whose elements match the nonterminals in order.\u000a\u000aTo use the generated parser, use:\u000a\u000a    var parse = require(\"parser.js\");\u000a    console.log(parse(\"1+1\")); // 2\u000a    console.log(parse(\"cow\")); // throws error: \"nearley parse error\"\u000a\u000aErrors\u000a------\u000a\u000aA parse error will throw the string \"nearley parse error\".\u000a\u000aYou may get a warning saying your grammar is *ambiguous*. This means that there are multiple ways to parse the given input with the given grammar.\u000a\u000anearley.js does not support detailed error messages yet.","readmeFilename":"README.md","bugs":{"url":"https://github.com/Hardmath123/nearley/issues"},"homepage":"https://github.com/Hardmath123/nearley","_id":"nearley@0.0.1","dist":{"shasum":"78710c47b1b52d4e33ac35ac4bf67f716d7b5343","tarball":"http://registry.npmjs.org/nearley/-/nearley-0.0.1.tgz"},"_from":".","_npmVersion":"1.3.24","_npmUser":{"name":"hardmath123","email":"hardmath123@comfortablynumbered.appspotmail.com"},"maintainers":[{"name":"hardmath123","email":"hardmath123@comfortablynumbered.appspotmail.com"}]}: nearley
88 error     at RegClient.<anonymous> (/Users/kartikchandra/my_bin/homebrew/Cellar/node/0.10.25/lib/node_modules/npm/node_modules/npm-registry-client/lib/request.js:275:14)
88 error     at Request.self.callback (/Users/kartikchandra/my_bin/homebrew/Cellar/node/0.10.25/lib/node_modules/npm/node_modules/request/request.js:123:22)
88 error     at Request.EventEmitter.emit (events.js:98:17)
88 error     at Request.<anonymous> (/Users/kartikchandra/my_bin/homebrew/Cellar/node/0.10.25/lib/node_modules/npm/node_modules/request/request.js:893:14)
88 error     at Request.EventEmitter.emit (events.js:117:20)
88 error     at IncomingMessage.<anonymous> (/Users/kartikchandra/my_bin/homebrew/Cellar/node/0.10.25/lib/node_modules/npm/node_modules/request/request.js:844:12)
88 error     at IncomingMessage.EventEmitter.emit (events.js:117:20)
88 error     at _stream_readable.js:920:16
88 error     at process._tickCallback (node.js:415:13)
89 error If you need help, you may report this *entire* log,
89 error including the npm and node versions, at:
89 error     <http://github.com/isaacs/npm/issues>
90 error System Darwin 12.5.0
91 error command "/Users/kartikchandra/my_bin/homebrew/Cellar/node/0.10.25/bin/node" "/Users/kartikchandra/my_bin/homebrew/bin/npm" "publish"
92 error cwd /Users/kartikchandra/Desktop/nearley
93 error node -v v0.10.25
94 error npm -v 1.3.24
95 verbose exit [ 1, true ]
