0 info it worked if it ends with ok
1 verbose cli [ 'node',
1 verbose cli   '/Users/kartikchandra/my_bin/node_stuff/bin/npm',
1 verbose cli   'version',
1 verbose cli   'major' ]
2 info using npm@2.0.0-alpha-5
3 info using node@v0.10.30
4 verbose node symlink /Users/kartikchandra/my_bin/homebrew/bin/node
5 error version No package.json found
6 error Error: ENOENT, open '/Users/kartikchandra/nearley/examples/calculator/package.json'
7 error If you need help, you may report this *entire* log,
7 error including the npm and node versions, at:
7 error     <http://github.com/npm/npm/issues>
8 error System Darwin 13.4.0
9 error command "node" "/Users/kartikchandra/my_bin/node_stuff/bin/npm" "version" "major"
10 error cwd /Users/kartikchandra/nearley/examples/calculator
11 error node -v v0.10.30
12 error npm -v 2.0.0-alpha-5
13 error path /Users/kartikchandra/nearley/examples/calculator/package.json
14 error code ENOENT
15 error errno 34
16 verbose exit [ 34, true ]
